D:\VS2012\PROJECTS\BMP6\BMP6\DEBUG\BMPROT.OBJ
D:\VS2012\PROJECTS\BMP6\BMP6\DEBUG\VC110.PDB
D:\VS2012\PROJECTS\BMP6\DEBUG\BMP6.ILK
D:\VS2012\PROJECTS\BMP6\DEBUG\BMP6.EXE
D:\VS2012\PROJECTS\BMP6\DEBUG\BMP6.PDB
D:\vs2012\projects\BMP6\BMP6\Debug\BmpRot.obj
D:\vs2012\projects\BMP6\BMP6\Debug\cl.command.1.tlog
D:\vs2012\projects\BMP6\BMP6\Debug\CL.read.1.tlog
D:\vs2012\projects\BMP6\BMP6\Debug\CL.write.1.tlog
D:\vs2012\projects\BMP6\BMP6\Debug\link-cvtres.read.1.tlog
D:\vs2012\projects\BMP6\BMP6\Debug\link-cvtres.write.1.tlog
D:\vs2012\projects\BMP6\BMP6\Debug\link-rc.read.1.tlog
D:\vs2012\projects\BMP6\BMP6\Debug\link-rc.write.1.tlog
D:\vs2012\projects\BMP6\BMP6\Debug\link.4484-cvtres.read.1.tlog
D:\vs2012\projects\BMP6\BMP6\Debug\link.4484-cvtres.write.1.tlog
D:\vs2012\projects\BMP6\BMP6\Debug\link.4484-rc.read.1.tlog
D:\vs2012\projects\BMP6\BMP6\Debug\link.4484-rc.write.1.tlog
D:\vs2012\projects\BMP6\BMP6\Debug\link.4484.read.1.tlog
D:\vs2012\projects\BMP6\BMP6\Debug\link.4484.write.1.tlog
D:\vs2012\projects\BMP6\BMP6\Debug\link.command.1.tlog
D:\vs2012\projects\BMP6\BMP6\Debug\link.read.1.tlog
D:\vs2012\projects\BMP6\BMP6\Debug\link.write.1.tlog
D:\vs2012\projects\BMP6\BMP6\Debug\vc110.idb
D:\vs2012\projects\BMP6\BMP6\Debug\vc110.pdb
D:\vs2012\projects\BMP6\Debug\BMP6.pdb
D:\vs2012\projects\BMP6\Debug\BMP6.exe
D:\vs2012\projects\BMP6\Debug\BMP6.ilk
